<?xml version="1.0" encoding="UTF-8"?>
<testng-results skipped="0" failed="0" ignored="0" total="1" passed="1">
  <reporter-output>
  </reporter-output>
  <suite name="Suite" duration-ms="19148" started-at="2018-02-19T04:54:09Z" finished-at="2018-02-19T04:54:28Z">
    <groups>
    </groups>
    <test name="Test" duration-ms="19148" started-at="2018-02-19T04:54:09Z" finished-at="2018-02-19T04:54:28Z">
      <class name="gittest.GitTest">
        <test-method status="PASS" signature="logintest()[pri:0, instance:gittest.GitTest@7a5d012c]" name="logintest" duration-ms="19123" started-at="2018-02-19T10:24:09Z" finished-at="2018-02-19T10:24:28Z">
          <reporter-output>
          </reporter-output>
        </test-method> <!-- logintest -->
      </class> <!-- gittest.GitTest -->
    </test> <!-- Test -->
  </suite> <!-- Suite -->
</testng-results>
