<?xml version="1.0" encoding="UTF-8"?>
<testng-results skipped="0" failed="0" ignored="0" total="1" passed="1">
  <reporter-output>
  </reporter-output>
  <suite name="Default suite" duration-ms="15130" started-at="2018-02-19T06:04:51Z" finished-at="2018-02-19T06:05:06Z">
    <groups>
    </groups>
    <test name="Default test" duration-ms="15130" started-at="2018-02-19T06:04:51Z" finished-at="2018-02-19T06:05:06Z">
      <class name="gittest.GitTest">
        <test-method status="PASS" signature="logintest()[pri:0, instance:gittest.GitTest@23d2a7e8]" name="logintest" duration-ms="15107" started-at="2018-02-19T11:34:51Z" finished-at="2018-02-19T11:35:06Z">
          <reporter-output>
          </reporter-output>
        </test-method> <!-- logintest -->
      </class> <!-- gittest.GitTest -->
    </test> <!-- Default test -->
  </suite> <!-- Default suite -->
</testng-results>
